<?xml version="1.0" encoding="UTF-8"?>
<testsuite name="ru.mail.propre.Tests" tests="2" skipped="2" failures="0" errors="0" timestamp="2019-01-31T12:57:32" hostname="WSACHERNOUSOV" time="0.0">
  <properties/>
  <testcase name="test_qqq" classname="ru.mail.propre.Tests" time="0.0">
    <skipped/>
  </testcase>
  <testcase name="test_sum" classname="ru.mail.propre.Tests" time="0.0">
    <skipped/>
  </testcase>
  <system-out><![CDATA[]]></system-out>
  <system-err><![CDATA[]]></system-err>
</testsuite>
