<?xml version="1.0" encoding="UTF-8"?>
<testsuite name="propre.mail.ru.Tests" tests="2" skipped="0" failures="0" errors="0" timestamp="2019-01-30T10:25:42" hostname="WSACHERNOUSOV" time="0.001">
  <properties/>
  <testcase name="test_qqq" classname="propre.mail.ru.Tests" time="0.001"/>
  <testcase name="test_sum" classname="propre.mail.ru.Tests" time="0.0"/>
  <system-out><![CDATA[]]></system-out>
  <system-err><![CDATA[]]></system-err>
</testsuite>
