<?xml version="1.0" encoding="UTF-8"?>
<testsuite name="ru.mail.propre.features.authentication.WhenAuthenticating" tests="1" skipped="0" failures="0" errors="0" timestamp="2019-01-31T13:09:51" hostname="WSACHERNOUSOV" time="6.447">
  <properties/>
  <testcase name="shouldBeAbleToLoginAsAdmin" classname="ru.mail.propre.features.authentication.WhenAuthenticating" time="6.447"/>
  <system-out><![CDATA[]]></system-out>
  <system-err><![CDATA[[Test worker] INFO net.serenitybdd.core.Serenity - 

-------------------------------------------------------------------------------------
     _______. _______ .______       _______ .__   __.  __  .___________.____    ____ 
    /       ||   ____||   _  \     |   ____||  \ |  | |  | |           |\   \  /   / 
   |   (----`|  |__   |  |_)  |    |  |__   |   \|  | |  | `---|  |----` \   \/   /  
    \   \    |   __|  |      /     |   __|  |  . `  | |  |     |  |       \_    _/   
.----)   |   |  |____ |  |\  \----.|  |____ |  |\   | |  |     |  |         |  |     
|_______/    |_______|| _| `._____||_______||__| \__| |__|     |__|         |__|    
-------------------------------------------------------------------------------------

[Test worker] INFO net.serenitybdd.core.Serenity - Test Suite Started: When authenticating
[Test worker] WARN net.thucydides.core.requirements.PackageRequirementsTagProvider - To generate correct requirements coverage reports you need to set the 'serenity.test.root' property to the package representing the top of your requirements hierarchy.
[Test worker] INFO net.serenitybdd.core.Serenity - 
 _____ _____ ____ _____   ____ _____  _    ____ _____ _____ ____  
|_   _| ____/ ___|_   _| / ___|_   _|/ \  |  _ \_   _| ____|  _ \ 
  | | |  _| \___ \ | |   \___ \ | | / _ \ | |_) || | |  _| | | | |
  | | | |___ ___) || |    ___) || |/ ___ \|  _ < | | | |___| |_| |
  |_| |_____|____/ |_|   |____/ |_/_/   \_\_| \_\|_| |_____|____/ 
                                                                  

TEST STARTED: shouldBeAbleToLoginAsAdmin
-------------------------------------------------------------------
[Test worker] INFO net.serenitybdd.core.Serenity - TEST NUMBER: 1
Starting ChromeDriver 2.45.615291 (ec3682e3c9061c10f26ea9e5cdcf3c53f3f74387) on port 4768
Only local connections are allowed.
[Test worker] WARN net.thucydides.core.requirements.PackageRequirementsTagProvider - To generate correct requirements coverage reports you need to set the 'serenity.test.root' property to the package representing the top of your requirements hierarchy.
[Test worker] INFO net.serenitybdd.core.Serenity - 
        __    _____ _____ ____ _____   ____   _    ____  ____  _____ ____  
  _     \ \  |_   _| ____/ ___|_   _| |  _ \ / \  / ___|/ ___|| ____|  _ \ 
 (_)_____| |   | | |  _| \___ \ | |   | |_) / _ \ \___ \\___ \|  _| | | | |
  _|_____| |   | | | |___ ___) || |   |  __/ ___ \ ___) |___) | |___| |_| |
 (_)     | |   |_| |_____|____/ |_|   |_| /_/   \_\____/|____/|_____|____/ 
        /_/                                                                

TEST PASSED: Should be able to login as admin
----------------------------------------------------------------------------
]]></system-err>
</testsuite>
